build/app/intermediates/manifest_merge_blame_file/debug/manifest-merger-blame-debug-report.txt
1<?xml version="1.0" encoding="utf-8"?>
2<manifest xmlns:android="http://schemas.android.com/apk/res/android"
3    package="io.saay.shopo"
4    android:versionCode="1"
5    android:versionName="1.0.0" >
6
7    <uses-sdk
8        android:minSdkVersion="21"
9        android:targetSdkVersion="34" />
10    <!--
11         Flutter needs it to communicate with the running application
12         to allow setting breakpoints, to provide hot reload, etc.
13    -->
14    <uses-permission android:name="android.permission.INTERNET" />
14-->src\main\AndroidManifest.xml:8:5-66
14-->src\main\AndroidManifest.xml:8:22-64
15    <uses-permission android:name="android.permission.ACCESS_FINE_LOCATION" />
15-->src\main\AndroidManifest.xml:9:5-79
15-->src\main\AndroidManifest.xml:9:22-76
16    <uses-permission android:name="android.permission.ACCESS_COARSE_LOCATION" />
16-->src\main\AndroidManifest.xml:10:5-81
16-->src\main\AndroidManifest.xml:10:22-78
17
18    <queries>
18-->src\main\AndroidManifest.xml:12:5-27:15
19        <intent>
19-->src\main\AndroidManifest.xml:13:9-16:18
20            <action android:name="android.intent.action.VIEW" />
20-->src\main\AndroidManifest.xml:14:13-65
20-->src\main\AndroidManifest.xml:14:21-62
21
22            <data android:scheme="https" />
22-->src\main\AndroidManifest.xml:15:13-44
22-->src\main\AndroidManifest.xml:15:19-41
23        </intent>
24        <intent>
24-->src\main\AndroidManifest.xml:17:9-20:18
25            <action android:name="android.intent.action.DIAL" />
25-->src\main\AndroidManifest.xml:18:13-65
25-->src\main\AndroidManifest.xml:18:21-62
26
27            <data android:scheme="tel" />
27-->src\main\AndroidManifest.xml:15:13-44
27-->src\main\AndroidManifest.xml:15:19-41
28        </intent>
29        <intent>
29-->src\main\AndroidManifest.xml:21:9-24:18
30            <action android:name="android.intent.action.SEND" />
30-->src\main\AndroidManifest.xml:22:13-65
30-->src\main\AndroidManifest.xml:22:21-62
31
32            <data android:mimeType="*/*" />
32-->src\main\AndroidManifest.xml:15:13-44
33        </intent>
34
35        <provider android:authorities="com.facebook.katana.provider.PlatformProvider" />
35-->src\main\AndroidManifest.xml:25:9-89
35-->src\main\AndroidManifest.xml:25:19-86
36
37        <intent>
37-->[:flutter_inappwebview] AndroidManifest.xml:10:9-12:18
38            <action android:name="android.support.customtabs.action.CustomTabsService" />
38-->[:flutter_inappwebview] AndroidManifest.xml:11:13-90
38-->[:flutter_inappwebview] AndroidManifest.xml:11:21-87
39        </intent>
40
41        <package android:name="com.facebook.katana" /> <!-- Needs to be explicitly declared on Android R+ -->
41-->[com.facebook.android:facebook-common:16.0.1] AndroidManifest.xml:18:9-55
41-->[com.facebook.android:facebook-common:16.0.1] AndroidManifest.xml:18:18-52
42        <package android:name="com.google.android.apps.maps" />
42-->[com.google.android.gms:play-services-maps:18.2.0] AndroidManifest.xml:33:9-64
42-->[com.google.android.gms:play-services-maps:18.2.0] AndroidManifest.xml:33:18-61
43    </queries>
44
45    <uses-permission android:name="android.permission.WAKE_LOCK" />
45-->[:firebase_messaging] AndroidManifest.xml:10:5-68
45-->[:firebase_messaging] AndroidManifest.xml:10:22-65
46    <uses-permission android:name="android.permission.ACCESS_NETWORK_STATE" /> <!-- Permissions options for the `notification` group -->
46-->[:firebase_messaging] AndroidManifest.xml:11:5-79
46-->[:firebase_messaging] AndroidManifest.xml:11:22-76
47    <uses-permission android:name="android.permission.POST_NOTIFICATIONS" />
47-->[:firebase_messaging] AndroidManifest.xml:13:5-77
47-->[:firebase_messaging] AndroidManifest.xml:13:22-74
48    <uses-permission android:name="android.permission.RECEIVE_BOOT_COMPLETED" />
48-->[:flutter_local_notifications] AndroidManifest.xml:9:5-81
48-->[:flutter_local_notifications] AndroidManifest.xml:9:22-78
49    <uses-permission android:name="android.permission.VIBRATE" />
49-->[:flutter_local_notifications] AndroidManifest.xml:10:5-66
49-->[:flutter_local_notifications] AndroidManifest.xml:10:22-63
50    <uses-permission android:name="android.permission.USE_FULL_SCREEN_INTENT" />
50-->[:flutter_local_notifications] AndroidManifest.xml:11:5-81
50-->[:flutter_local_notifications] AndroidManifest.xml:11:22-78
51    <uses-permission android:name="android.permission.SCHEDULE_EXACT_ALARM" />
51-->[:flutter_local_notifications] AndroidManifest.xml:12:5-79
51-->[:flutter_local_notifications] AndroidManifest.xml:12:22-76
52
53    <uses-feature
53-->[com.google.android.gms:play-services-maps:18.2.0] AndroidManifest.xml:26:5-28:35
54        android:glEsVersion="0x00020000"
54-->[com.google.android.gms:play-services-maps:18.2.0] AndroidManifest.xml:27:9-41
55        android:required="true" /> <!-- Required by older versions of Google Play services to create IID tokens -->
55-->[com.google.android.gms:play-services-maps:18.2.0] AndroidManifest.xml:28:9-32
56    <uses-permission android:name="com.google.android.c2dm.permission.RECEIVE" />
56-->[com.google.firebase:firebase-messaging:23.3.1] AndroidManifest.xml:26:5-82
56-->[com.google.firebase:firebase-messaging:23.3.1] AndroidManifest.xml:26:22-79
57    <uses-permission android:name="com.google.android.gms.permission.AD_ID" />
57-->[com.google.android.gms:play-services-measurement-api:21.5.0] AndroidManifest.xml:25:5-79
57-->[com.google.android.gms:play-services-measurement-api:21.5.0] AndroidManifest.xml:25:22-76
58    <uses-permission android:name="android.permission.ACCESS_ADSERVICES_ATTRIBUTION" />
58-->[com.google.android.gms:play-services-measurement-api:21.5.0] AndroidManifest.xml:26:5-88
58-->[com.google.android.gms:play-services-measurement-api:21.5.0] AndroidManifest.xml:26:22-85
59    <uses-permission android:name="android.permission.ACCESS_ADSERVICES_AD_ID" />
59-->[com.google.android.gms:play-services-measurement-api:21.5.0] AndroidManifest.xml:27:5-82
59-->[com.google.android.gms:play-services-measurement-api:21.5.0] AndroidManifest.xml:27:22-79
60    <uses-permission android:name="com.google.android.finsky.permission.BIND_GET_INSTALL_REFERRER_SERVICE" />
60-->[com.google.android.gms:play-services-measurement:21.5.0] AndroidManifest.xml:26:5-110
60-->[com.google.android.gms:play-services-measurement:21.5.0] AndroidManifest.xml:26:22-107
61
62    <permission
62-->[androidx.core:core:1.10.1] AndroidManifest.xml:22:5-24:47
63        android:name="io.saay.shopo.DYNAMIC_RECEIVER_NOT_EXPORTED_PERMISSION"
63-->[androidx.core:core:1.10.1] AndroidManifest.xml:23:9-81
64        android:protectionLevel="signature" />
64-->[androidx.core:core:1.10.1] AndroidManifest.xml:24:9-44
65
66    <uses-permission android:name="io.saay.shopo.DYNAMIC_RECEIVER_NOT_EXPORTED_PERMISSION" />
66-->[androidx.core:core:1.10.1] AndroidManifest.xml:26:5-97
66-->[androidx.core:core:1.10.1] AndroidManifest.xml:26:22-94
67
68    <application
68-->src\main\AndroidManifest.xml:29:5-100:19
69        android:appComponentFactory="androidx.core.app.CoreComponentFactory"
69-->[androidx.core:core:1.10.1] AndroidManifest.xml:28:18-86
70        android:debuggable="true"
71        android:icon="@mipmap/ic_launcher"
71-->src\main\AndroidManifest.xml:34:9-43
72        android:label="Alenjaz"
72-->src\main\AndroidManifest.xml:30:9-33
73        android:networkSecurityConfig="@xml/network_security_config"
73-->src\main\AndroidManifest.xml:33:9-69
74        android:requestLegacyExternalStorage="true"
74-->src\main\AndroidManifest.xml:31:9-52
75        android:supportsRtl="true"
75-->[com.facebook.android:facebook-login:16.0.1] AndroidManifest.xml:16:18-44
76        android:usesCleartextTraffic="true" >
76-->src\main\AndroidManifest.xml:32:9-44
77        <meta-data
77-->src\main\AndroidManifest.xml:35:9-36:70
78            android:name="com.google.android.geo.API_KEY"
78-->src\main\AndroidManifest.xml:35:20-65
79            android:value="AIzaSyCX21MiuBBjiugBwouJSz9_RBKYQa-ATzI" />
79-->src\main\AndroidManifest.xml:36:13-68
80        <meta-data
80-->src\main\AndroidManifest.xml:38:9-40:55
81            android:name="com.facebook.sdk.ApplicationId"
81-->src\main\AndroidManifest.xml:39:13-58
82            android:value="@string/facebook_app_id" />
82-->src\main\AndroidManifest.xml:40:13-52
83        <meta-data
83-->src\main\AndroidManifest.xml:41:9-43:60
84            android:name="com.facebook.sdk.ClientToken"
84-->src\main\AndroidManifest.xml:42:13-56
85            android:value="@string/facebook_client_token" />
85-->src\main\AndroidManifest.xml:43:13-58
86
87        <activity
87-->src\main\AndroidManifest.xml:45:9-48:48
88            android:name="com.facebook.FacebookActivity"
88-->src\main\AndroidManifest.xml:45:19-63
89            android:configChanges="keyboard|keyboardHidden|screenLayout|screenSize|orientation"
89-->src\main\AndroidManifest.xml:46:13-114
90            android:label="@string/app_name"
90-->src\main\AndroidManifest.xml:48:13-45
91            android:theme="@style/com_facebook_activity_theme" />
91-->[com.facebook.android:facebook-common:16.0.1] AndroidManifest.xml:25:13-63
92        <activity
92-->src\main\AndroidManifest.xml:50:9-59:20
93            android:name="com.facebook.CustomTabActivity"
93-->src\main\AndroidManifest.xml:51:13-58
94            android:exported="true" >
94-->src\main\AndroidManifest.xml:52:13-36
95            <intent-filter>
95-->src\main\AndroidManifest.xml:53:13-58:29
96                <action android:name="android.intent.action.VIEW" />
96-->src\main\AndroidManifest.xml:14:13-65
96-->src\main\AndroidManifest.xml:14:21-62
97
98                <category android:name="android.intent.category.DEFAULT" />
98-->src\main\AndroidManifest.xml:55:17-76
98-->src\main\AndroidManifest.xml:55:27-73
99                <category android:name="android.intent.category.BROWSABLE" />
99-->src\main\AndroidManifest.xml:56:17-78
99-->src\main\AndroidManifest.xml:56:27-75
100
101                <data android:scheme="@string/fb_login_protocol_scheme" />
101-->src\main\AndroidManifest.xml:15:13-44
101-->src\main\AndroidManifest.xml:15:19-41
102            </intent-filter>
103            <intent-filter>
103-->[com.facebook.android:facebook-common:16.0.1] AndroidManifest.xml:31:13-40:29
104                <action android:name="android.intent.action.VIEW" />
104-->src\main\AndroidManifest.xml:14:13-65
104-->src\main\AndroidManifest.xml:14:21-62
105
106                <category android:name="android.intent.category.DEFAULT" />
106-->src\main\AndroidManifest.xml:55:17-76
106-->src\main\AndroidManifest.xml:55:27-73
107                <category android:name="android.intent.category.BROWSABLE" />
107-->src\main\AndroidManifest.xml:56:17-78
107-->src\main\AndroidManifest.xml:56:27-75
108
109                <data
109-->src\main\AndroidManifest.xml:15:13-44
110                    android:host="cct.io.saay.shopo"
111                    android:scheme="fbconnect" />
111-->src\main\AndroidManifest.xml:15:19-41
112            </intent-filter>
113        </activity>
114        <activity
114-->src\main\AndroidManifest.xml:61:9-94:20
115            android:name="io.saay.shopo.MainActivity"
115-->src\main\AndroidManifest.xml:62:13-41
116            android:configChanges="orientation|keyboardHidden|keyboard|screenSize|smallestScreenSize|locale|layoutDirection|fontScale|screenLayout|density|uiMode"
116-->src\main\AndroidManifest.xml:65:13-163
117            android:exported="true"
117-->src\main\AndroidManifest.xml:67:13-36
118            android:hardwareAccelerated="true"
118-->src\main\AndroidManifest.xml:66:13-47
119            android:launchMode="singleTop"
119-->src\main\AndroidManifest.xml:63:13-43
120            android:theme="@style/LaunchTheme"
120-->src\main\AndroidManifest.xml:64:13-47
121            android:windowSoftInputMode="adjustResize" >
121-->src\main\AndroidManifest.xml:68:13-55
122
123            <!--
124                 Specifies an Android theme to apply to this Activity as soon as
125                 the Android process has started. This theme is visible to the user
126                 while the Flutter UI initializes. After that, this theme continues
127                 to determine the Window background behind the Flutter UI.
128            -->
129            <meta-data
129-->src\main\AndroidManifest.xml:73:13-76:17
130                android:name="io.flutter.embedding.android.NormalTheme"
130-->src\main\AndroidManifest.xml:74:15-70
131                android:resource="@style/NormalTheme" />
131-->src\main\AndroidManifest.xml:75:15-52
132            <!--
133                 Displays an Android View that continues showing the launch screen
134                 Drawable until Flutter paints its first frame, then this splash
135                 screen fades out. A splash screen is useful to avoid any visual
136                 gap between the end of Android's launch screen and the painting of
137                 Flutter's first frame.
138            -->
139            <meta-data
139-->src\main\AndroidManifest.xml:82:13-85:17
140                android:name="io.flutter.embedding.android.SplashScreenDrawable"
140-->src\main\AndroidManifest.xml:83:15-79
141                android:resource="@drawable/launch_background" />
141-->src\main\AndroidManifest.xml:84:15-61
142
143            <intent-filter>
143-->src\main\AndroidManifest.xml:86:13-89:29
144                <action android:name="android.intent.action.MAIN" />
144-->src\main\AndroidManifest.xml:87:17-68
144-->src\main\AndroidManifest.xml:87:25-66
145
146                <category android:name="android.intent.category.LAUNCHER" />
146-->src\main\AndroidManifest.xml:88:17-76
146-->src\main\AndroidManifest.xml:88:27-74
147            </intent-filter>
148            <intent-filter>
148-->src\main\AndroidManifest.xml:90:13-93:29
149                <action android:name="FLUTTER_NOTIFICATION_CLICK" />
149-->src\main\AndroidManifest.xml:91:17-69
149-->src\main\AndroidManifest.xml:91:25-66
150
151                <category android:name="android.intent.category.DEFAULT" />
151-->src\main\AndroidManifest.xml:55:17-76
151-->src\main\AndroidManifest.xml:55:27-73
152            </intent-filter>
153        </activity>
154        <!--
155             Don't delete the meta-data below.
156             This is used by the Flutter tool to generate GeneratedPluginRegistrant.java
157        -->
158        <meta-data
158-->src\main\AndroidManifest.xml:97:9-99:33
159            android:name="flutterEmbedding"
159-->src\main\AndroidManifest.xml:98:13-44
160            android:value="2" />
160-->src\main\AndroidManifest.xml:99:13-30
161
162        <service
162-->[:firebase_crashlytics] AndroidManifest.xml:10:9-14:19
163            android:name="com.google.firebase.components.ComponentDiscoveryService"
163-->[:firebase_crashlytics] AndroidManifest.xml:10:18-89
164            android:directBootAware="true"
164-->[com.google.firebase:firebase-common:20.4.2] AndroidManifest.xml:32:13-43
165            android:exported="false" >
165-->[com.google.firebase:firebase-messaging:23.3.1] AndroidManifest.xml:56:13-37
166            <meta-data
166-->[:firebase_crashlytics] AndroidManifest.xml:11:13-13:85
167                android:name="com.google.firebase.components:io.flutter.plugins.firebase.crashlytics.FlutterFirebaseAppRegistrar"
167-->[:firebase_crashlytics] AndroidManifest.xml:12:17-130
168                android:value="com.google.firebase.components.ComponentRegistrar" />
168-->[:firebase_crashlytics] AndroidManifest.xml:13:17-82
169            <meta-data
169-->[:firebase_messaging] AndroidManifest.xml:38:13-40:85
170                android:name="com.google.firebase.components:io.flutter.plugins.firebase.messaging.FlutterFirebaseAppRegistrar"
170-->[:firebase_messaging] AndroidManifest.xml:39:17-128
171                android:value="com.google.firebase.components.ComponentRegistrar" />
171-->[:firebase_messaging] AndroidManifest.xml:40:17-82
172            <meta-data
172-->[:firebase_core] AndroidManifest.xml:11:13-13:85
173                android:name="com.google.firebase.components:io.flutter.plugins.firebase.core.FlutterFirebaseCoreRegistrar"
173-->[:firebase_core] AndroidManifest.xml:12:17-124
174                android:value="com.google.firebase.components.ComponentRegistrar" />
174-->[:firebase_core] AndroidManifest.xml:13:17-82
175            <meta-data
175-->[com.google.firebase:firebase-messaging:23.3.1] AndroidManifest.xml:57:13-59:85
176                android:name="com.google.firebase.components:com.google.firebase.messaging.FirebaseMessagingKtxRegistrar"
176-->[com.google.firebase:firebase-messaging:23.3.1] AndroidManifest.xml:58:17-122
177                android:value="com.google.firebase.components.ComponentRegistrar" />
177-->[com.google.firebase:firebase-messaging:23.3.1] AndroidManifest.xml:59:17-82
178            <meta-data
178-->[com.google.firebase:firebase-messaging:23.3.1] AndroidManifest.xml:60:13-62:85
179                android:name="com.google.firebase.components:com.google.firebase.messaging.FirebaseMessagingRegistrar"
179-->[com.google.firebase:firebase-messaging:23.3.1] AndroidManifest.xml:61:17-119
180                android:value="com.google.firebase.components.ComponentRegistrar" />
180-->[com.google.firebase:firebase-messaging:23.3.1] AndroidManifest.xml:62:17-82
181            <meta-data
181-->[com.google.firebase:firebase-iid:21.1.0] AndroidManifest.xml:32:13-34:85
182                android:name="com.google.firebase.components:com.google.firebase.iid.Registrar"
182-->[com.google.firebase:firebase-iid:21.1.0] AndroidManifest.xml:33:17-96
183                android:value="com.google.firebase.components.ComponentRegistrar" />
183-->[com.google.firebase:firebase-iid:21.1.0] AndroidManifest.xml:34:17-82
184            <meta-data
184-->[com.google.firebase:firebase-crashlytics:18.6.0] AndroidManifest.xml:15:13-17:85
185                android:name="com.google.firebase.components:com.google.firebase.crashlytics.FirebaseCrashlyticsKtxRegistrar"
185-->[com.google.firebase:firebase-crashlytics:18.6.0] AndroidManifest.xml:16:17-126
186                android:value="com.google.firebase.components.ComponentRegistrar" />
186-->[com.google.firebase:firebase-crashlytics:18.6.0] AndroidManifest.xml:17:17-82
187            <meta-data
187-->[com.google.firebase:firebase-crashlytics:18.6.0] AndroidManifest.xml:18:13-20:85
188                android:name="com.google.firebase.components:com.google.firebase.crashlytics.CrashlyticsRegistrar"
188-->[com.google.firebase:firebase-crashlytics:18.6.0] AndroidManifest.xml:19:17-115
189                android:value="com.google.firebase.components.ComponentRegistrar" />
189-->[com.google.firebase:firebase-crashlytics:18.6.0] AndroidManifest.xml:20:17-82
190            <meta-data
190-->[com.google.android.gms:play-services-measurement-api:21.5.0] AndroidManifest.xml:37:13-39:85
191                android:name="com.google.firebase.components:com.google.firebase.analytics.connector.internal.AnalyticsConnectorRegistrar"
191-->[com.google.android.gms:play-services-measurement-api:21.5.0] AndroidManifest.xml:38:17-139
192                android:value="com.google.firebase.components.ComponentRegistrar" />
192-->[com.google.android.gms:play-services-measurement-api:21.5.0] AndroidManifest.xml:39:17-82
193            <meta-data
193-->[com.google.firebase:firebase-sessions:1.2.0] AndroidManifest.xml:29:13-31:85
194                android:name="com.google.firebase.components:com.google.firebase.sessions.FirebaseSessionsRegistrar"
194-->[com.google.firebase:firebase-sessions:1.2.0] AndroidManifest.xml:30:17-117
195                android:value="com.google.firebase.components.ComponentRegistrar" />
195-->[com.google.firebase:firebase-sessions:1.2.0] AndroidManifest.xml:31:17-82
196            <meta-data
196-->[com.google.firebase:firebase-installations:17.2.0] AndroidManifest.xml:15:13-17:85
197                android:name="com.google.firebase.components:com.google.firebase.installations.FirebaseInstallationsKtxRegistrar"
197-->[com.google.firebase:firebase-installations:17.2.0] AndroidManifest.xml:16:17-130
198                android:value="com.google.firebase.components.ComponentRegistrar" />
198-->[com.google.firebase:firebase-installations:17.2.0] AndroidManifest.xml:17:17-82
199            <meta-data
199-->[com.google.firebase:firebase-installations:17.2.0] AndroidManifest.xml:18:13-20:85
200                android:name="com.google.firebase.components:com.google.firebase.installations.FirebaseInstallationsRegistrar"
200-->[com.google.firebase:firebase-installations:17.2.0] AndroidManifest.xml:19:17-127
201                android:value="com.google.firebase.components.ComponentRegistrar" />
201-->[com.google.firebase:firebase-installations:17.2.0] AndroidManifest.xml:20:17-82
202            <meta-data
202-->[com.google.firebase:firebase-common-ktx:20.4.2] AndroidManifest.xml:12:13-14:85
203                android:name="com.google.firebase.components:com.google.firebase.ktx.FirebaseCommonLegacyRegistrar"
203-->[com.google.firebase:firebase-common-ktx:20.4.2] AndroidManifest.xml:13:17-116
204                android:value="com.google.firebase.components.ComponentRegistrar" />
204-->[com.google.firebase:firebase-common-ktx:20.4.2] AndroidManifest.xml:14:17-82
205            <meta-data
205-->[com.google.firebase:firebase-common:20.4.2] AndroidManifest.xml:35:13-37:85
206                android:name="com.google.firebase.components:com.google.firebase.FirebaseCommonKtxRegistrar"
206-->[com.google.firebase:firebase-common:20.4.2] AndroidManifest.xml:36:17-109
207                android:value="com.google.firebase.components.ComponentRegistrar" />
207-->[com.google.firebase:firebase-common:20.4.2] AndroidManifest.xml:37:17-82
208            <meta-data
208-->[com.google.firebase:firebase-datatransport:18.1.8] AndroidManifest.xml:27:13-29:85
209                android:name="com.google.firebase.components:com.google.firebase.datatransport.TransportRegistrar"
209-->[com.google.firebase:firebase-datatransport:18.1.8] AndroidManifest.xml:28:17-115
210                android:value="com.google.firebase.components.ComponentRegistrar" />
210-->[com.google.firebase:firebase-datatransport:18.1.8] AndroidManifest.xml:29:17-82
211        </service>
212        <service
212-->[:firebase_messaging] AndroidManifest.xml:16:9-19:72
213            android:name="io.flutter.plugins.firebase.messaging.FlutterFirebaseMessagingBackgroundService"
213-->[:firebase_messaging] AndroidManifest.xml:17:13-107
214            android:exported="false"
214-->[:firebase_messaging] AndroidManifest.xml:18:13-37
215            android:permission="android.permission.BIND_JOB_SERVICE" />
215-->[:firebase_messaging] AndroidManifest.xml:19:13-69
216        <service
216-->[:firebase_messaging] AndroidManifest.xml:20:9-26:19
217            android:name="io.flutter.plugins.firebase.messaging.FlutterFirebaseMessagingService"
217-->[:firebase_messaging] AndroidManifest.xml:21:13-97
218            android:exported="false" >
218-->[:firebase_messaging] AndroidManifest.xml:22:13-37
219            <intent-filter>
219-->[:firebase_messaging] AndroidManifest.xml:23:13-25:29
220                <action android:name="com.google.firebase.MESSAGING_EVENT" />
220-->[:firebase_messaging] AndroidManifest.xml:24:17-78
220-->[:firebase_messaging] AndroidManifest.xml:24:25-75
221            </intent-filter>
222        </service>
223
224        <receiver
224-->[:firebase_messaging] AndroidManifest.xml:28:9-35:20
225            android:name="io.flutter.plugins.firebase.messaging.FlutterFirebaseMessagingReceiver"
225-->[:firebase_messaging] AndroidManifest.xml:29:13-98
226            android:exported="true"
226-->[:firebase_messaging] AndroidManifest.xml:30:13-36
227            android:permission="com.google.android.c2dm.permission.SEND" >
227-->[:firebase_messaging] AndroidManifest.xml:31:13-73
228            <intent-filter>
228-->[:firebase_messaging] AndroidManifest.xml:32:13-34:29
229                <action android:name="com.google.android.c2dm.intent.RECEIVE" />
229-->[:firebase_messaging] AndroidManifest.xml:33:17-81
229-->[:firebase_messaging] AndroidManifest.xml:33:25-78
230            </intent-filter>
231        </receiver>
232
233        <provider
233-->[:firebase_messaging] AndroidManifest.xml:43:9-47:38
234            android:name="io.flutter.plugins.firebase.messaging.FlutterFirebaseMessagingInitProvider"
234-->[:firebase_messaging] AndroidManifest.xml:44:13-102
235            android:authorities="io.saay.shopo.flutterfirebasemessaginginitprovider"
235-->[:firebase_messaging] AndroidManifest.xml:45:13-88
236            android:exported="false"
236-->[:firebase_messaging] AndroidManifest.xml:46:13-37
237            android:initOrder="99" />
237-->[:firebase_messaging] AndroidManifest.xml:47:13-35
238
239        <service
239-->[:geolocator_android] AndroidManifest.xml:10:9-14:56
240            android:name="com.baseflow.geolocator.GeolocatorLocationService"
240-->[:geolocator_android] AndroidManifest.xml:11:13-77
241            android:enabled="true"
241-->[:geolocator_android] AndroidManifest.xml:12:13-35
242            android:exported="false"
242-->[:geolocator_android] AndroidManifest.xml:13:13-37
243            android:foregroundServiceType="location" />
243-->[:geolocator_android] AndroidManifest.xml:14:13-53
244
245        <provider
245-->[:image_picker_android] AndroidManifest.xml:10:9-18:20
246            android:name="io.flutter.plugins.imagepicker.ImagePickerFileProvider"
246-->[:image_picker_android] AndroidManifest.xml:11:13-82
247            android:authorities="io.saay.shopo.flutter.image_provider"
247-->[:image_picker_android] AndroidManifest.xml:12:13-74
248            android:exported="false"
248-->[:image_picker_android] AndroidManifest.xml:13:13-37
249            android:grantUriPermissions="true" >
249-->[:image_picker_android] AndroidManifest.xml:14:13-47
250            <meta-data
250-->[:image_picker_android] AndroidManifest.xml:15:13-17:75
251                android:name="android.support.FILE_PROVIDER_PATHS"
251-->[:image_picker_android] AndroidManifest.xml:16:17-67
252                android:resource="@xml/flutter_image_picker_file_paths" />
252-->[:image_picker_android] AndroidManifest.xml:17:17-72
253        </provider>
254
255        <receiver
255-->[:flutter_local_notifications] AndroidManifest.xml:16:9-18:40
256            android:name="com.dexterous.flutterlocalnotifications.ActionBroadcastReceiver"
256-->[:flutter_local_notifications] AndroidManifest.xml:17:13-91
257            android:exported="false" />
257-->[:flutter_local_notifications] AndroidManifest.xml:18:13-37
258        <receiver
258-->[:flutter_local_notifications] AndroidManifest.xml:19:9-21:40
259            android:name="com.dexterous.flutterlocalnotifications.ScheduledNotificationReceiver"
259-->[:flutter_local_notifications] AndroidManifest.xml:20:13-97
260            android:exported="false" />
260-->[:flutter_local_notifications] AndroidManifest.xml:21:13-37
261        <receiver
261-->[:flutter_local_notifications] AndroidManifest.xml:22:9-31:20
262            android:name="com.dexterous.flutterlocalnotifications.ScheduledNotificationBootReceiver"
262-->[:flutter_local_notifications] AndroidManifest.xml:23:13-101
263            android:exported="false" >
263-->[:flutter_local_notifications] AndroidManifest.xml:24:13-37
264            <intent-filter>
264-->[:flutter_local_notifications] AndroidManifest.xml:25:13-30:29
265                <action android:name="android.intent.action.BOOT_COMPLETED" />
265-->[:flutter_local_notifications] AndroidManifest.xml:26:17-79
265-->[:flutter_local_notifications] AndroidManifest.xml:26:25-76
266                <action android:name="android.intent.action.MY_PACKAGE_REPLACED" />
266-->[:flutter_local_notifications] AndroidManifest.xml:27:17-84
266-->[:flutter_local_notifications] AndroidManifest.xml:27:25-81
267                <action android:name="android.intent.action.QUICKBOOT_POWERON" />
267-->[:flutter_local_notifications] AndroidManifest.xml:28:17-82
267-->[:flutter_local_notifications] AndroidManifest.xml:28:25-79
268                <action android:name="com.htc.intent.action.QUICKBOOT_POWERON" />
268-->[:flutter_local_notifications] AndroidManifest.xml:29:17-82
268-->[:flutter_local_notifications] AndroidManifest.xml:29:25-79
269            </intent-filter>
270        </receiver>
271
272        <activity
272-->[:url_launcher_android] AndroidManifest.xml:10:9-13:74
273            android:name="io.flutter.plugins.urllauncher.WebViewActivity"
273-->[:url_launcher_android] AndroidManifest.xml:11:13-74
274            android:exported="false"
274-->[:url_launcher_android] AndroidManifest.xml:12:13-37
275            android:theme="@android:style/Theme.NoTitleBar.Fullscreen" />
275-->[:url_launcher_android] AndroidManifest.xml:13:13-71
276        <activity
276-->[:flutter_inappwebview] AndroidManifest.xml:16:9-20:47
277            android:name="com.pichillilorenzo.flutter_inappwebview.in_app_browser.InAppBrowserActivity"
277-->[:flutter_inappwebview] AndroidManifest.xml:17:13-104
278            android:configChanges="orientation|keyboardHidden|keyboard|screenSize|locale|layoutDirection|fontScale|screenLayout|density"
278-->[:flutter_inappwebview] AndroidManifest.xml:18:13-137
279            android:exported="false"
279-->[:flutter_inappwebview] AndroidManifest.xml:19:13-37
280            android:theme="@style/AppTheme" />
280-->[:flutter_inappwebview] AndroidManifest.xml:20:13-44
281        <activity
281-->[:flutter_inappwebview] AndroidManifest.xml:21:9-24:55
282            android:name="com.pichillilorenzo.flutter_inappwebview.chrome_custom_tabs.ChromeCustomTabsActivity"
282-->[:flutter_inappwebview] AndroidManifest.xml:22:13-112
283            android:exported="false"
283-->[:flutter_inappwebview] AndroidManifest.xml:23:13-37
284            android:theme="@style/ThemeTransparent" />